# JRE version: OpenJDK Runtime Environment (8.0_242-b01) (build 1.8.0_242-release-1644-b01)
# Java VM: OpenJDK 64-Bit Server VM (25.242-b01 mixed mode windows-amd64 compressed oops)
Heap:
 PSYoungGen      total 392704K, used 123489K [0x00000000d5580000, 0x00000000f9300000, 0x0000000100000000)
  eden space 369152K, 27% used [0x00000000d5580000,0x00000000db71a7c8,0x00000000ebe00000)
  from space 23552K, 99% used [0x00000000ebe00000,0x00000000ed4fe018,0x00000000ed500000)
  to   space 33792K, 0% used [0x00000000f7200000,0x00000000f7200000,0x00000000f9300000)
 ParOldGen       total 91648K, used 52811K [0x0000000080000000, 0x0000000085980000, 0x00000000d5580000)
  object space 91648K, 57% used [0x0000000080000000,0x0000000083392de8,0x0000000085980000)
 Metaspace       used 74540K, capacity 78260K, committed 78488K, reserved 1116160K
  class space    used 10350K, capacity 11059K, committed 11184K, reserved 1048576K
GC Heap History (10 events):
Event: 4.110 GC heap before
{Heap before GC invocations=10 (full 2):
 PSYoungGen      total 266752K, used 8032K [0x00000000d5580000, 0x00000000e6b00000, 0x0000000100000000)
  eden space 255488K, 0% used [0x00000000d5580000,0x00000000d5580000,0x00000000e4f00000)
  from space 11264K, 71% used [0x00000000e6000000,0x00000000e67d83d8,0x00000000e6b00000)
  to   space 14336K, 0% used [0x00000000e4f00000,0x00000000e4f00000,0x00000000e5d00000)
 ParOldGen       total 50176K, used 11265K [0x0000000080000000, 0x0000000083100000, 0x00000000d5580000)
  object space 50176K, 22% used [0x0000000080000000,0x0000000080b005b0,0x0000000083100000)
 Metaspace       used 34349K, capacity 35404K, committed 35496K, reserved 1079296K
  class space    used 4734K, capacity 5003K, committed 5040K, reserved 1048576K
Event: 4.201 GC heap after
Heap after GC invocations=10 (full 2):
 PSYoungGen      total 266752K, used 0K [0x00000000d5580000, 0x00000000e6b00000, 0x0000000100000000)
  eden space 255488K, 0% used [0x00000000d5580000,0x00000000d5580000,0x00000000e4f00000)
  from space 11264K, 0% used [0x00000000e6000000,0x00000000e6000000,0x00000000e6b00000)
  to   space 14336K, 0% used [0x00000000e4f00000,0x00000000e4f00000,0x00000000e5d00000)
 ParOldGen       total 61952K, used 14353K [0x0000000080000000, 0x0000000083c80000, 0x00000000d5580000)
  object space 61952K, 23% used [0x0000000080000000,0x0000000080e044a8,0x0000000083c80000)
 Metaspace       used 34349K, capacity 35404K, committed 35496K, reserved 1079296K
  class space    used 4734K, capacity 5003K, committed 5040K, reserved 1048576K
}
Event: 6.703 GC heap before
{Heap before GC invocations=11 (full 2):
 PSYoungGen      total 266752K, used 255488K [0x00000000d5580000, 0x00000000e6b00000, 0x0000000100000000)
  eden space 255488K, 100% used [0x00000000d5580000,0x00000000e4f00000,0x00000000e4f00000)
  from space 11264K, 0% used [0x00000000e6000000,0x00000000e6000000,0x00000000e6b00000)
  to   space 14336K, 0% used [0x00000000e4f00000,0x00000000e4f00000,0x00000000e5d00000)
 ParOldGen       total 61952K, used 14353K [0x0000000080000000, 0x0000000083c80000, 0x00000000d5580000)
  object space 61952K, 23% used [0x0000000080000000,0x0000000080e044a8,0x0000000083c80000)
 Metaspace       used 48272K, capacity 50172K, committed 50472K, reserved 1093632K
  class space    used 6485K, capacity 6854K, committed 6960K, reserved 1048576K
Event: 6.797 GC heap after
Heap after GC invocations=11 (full 2):
 PSYoungGen      total 269824K, used 14335K [0x00000000d5580000, 0x00000000eeb80000, 0x0000000100000000)
  eden space 255488K, 0% used [0x00000000d5580000,0x00000000d5580000,0x00000000e4f00000)
  from space 14336K, 99% used [0x00000000e4f00000,0x00000000e5cffd68,0x00000000e5d00000)
  to   space 19968K, 0% used [0x00000000ed800000,0x00000000ed800000,0x00000000eeb80000)
 ParOldGen       total 61952K, used 22574K [0x0000000080000000, 0x0000000083c80000, 0x00000000d5580000)
  object space 61952K, 36% used [0x0000000080000000,0x000000008160baa8,0x0000000083c80000)
 Metaspace       used 48272K, capacity 50172K, committed 50472K, reserved 1093632K
  class space    used 6485K, capacity 6854K, committed 6960K, reserved 1048576K
}
Event: 8.023 GC heap before
{Heap before GC invocations=12 (full 2):
 PSYoungGen      total 269824K, used 116975K [0x00000000d5580000, 0x00000000eeb80000, 0x0000000100000000)
  eden space 255488K, 40% used [0x00000000d5580000,0x00000000db9bc248,0x00000000e4f00000)
  from space 14336K, 99% used [0x00000000e4f00000,0x00000000e5cffd68,0x00000000e5d00000)
  to   space 19968K, 0% used [0x00000000ed800000,0x00000000ed800000,0x00000000eeb80000)
 ParOldGen       total 61952K, used 22574K [0x0000000080000000, 0x0000000083c80000, 0x00000000d5580000)
  object space 61952K, 36% used [0x0000000080000000,0x000000008160baa8,0x0000000083c80000)
 Metaspace       used 56740K, capacity 59044K, committed 59160K, reserved 1099776K
  class space    used 7764K, capacity 8235K, committed 8240K, reserved 1048576K
Event: 8.038 GC heap after
Heap after GC invocations=12 (full 2):
 PSYoungGen      total 389120K, used 19959K [0x00000000d5580000, 0x00000000eec00000, 0x0000000100000000)
  eden space 369152K, 0% used [0x00000000d5580000,0x00000000d5580000,0x00000000ebe00000)
  from space 19968K, 99% used [0x00000000ed800000,0x00000000eeb7de88,0x00000000eeb80000)
  to   space 23552K, 0% used [0x00000000ebe00000,0x00000000ebe00000,0x00000000ed500000)
 ParOldGen       total 61952K, used 25290K [0x0000000080000000, 0x0000000083c80000, 0x00000000d5580000)
  object space 61952K, 40% used [0x0000000080000000,0x00000000818b29a0,0x0000000083c80000)
 Metaspace       used 56740K, capacity 59044K, committed 59160K, reserved 1099776K
  class space    used 7764K, capacity 8235K, committed 8240K, reserved 1048576K
}
Event: 8.038 GC heap before
{Heap before GC invocations=13 (full 3):
 PSYoungGen      total 389120K, used 19959K [0x00000000d5580000, 0x00000000eec00000, 0x0000000100000000)
  eden space 369152K, 0% used [0x00000000d5580000,0x00000000d5580000,0x00000000ebe00000)
  from space 19968K, 99% used [0x00000000ed800000,0x00000000eeb7de88,0x00000000eeb80000)
  to   space 23552K, 0% used [0x00000000ebe00000,0x00000000ebe00000,0x00000000ed500000)
 ParOldGen       total 61952K, used 25290K [0x0000000080000000, 0x0000000083c80000, 0x00000000d5580000)
  object space 61952K, 40% used [0x0000000080000000,0x00000000818b29a0,0x0000000083c80000)
 Metaspace       used 56740K, capacity 59044K, committed 59160K, reserved 1099776K
  class space    used 7764K, capacity 8235K, committed 8240K, reserved 1048576K
Event: 8.197 GC heap after
Heap after GC invocations=13 (full 3):
 PSYoungGen      total 389120K, used 0K [0x00000000d5580000, 0x00000000eec00000, 0x0000000100000000)
  eden space 369152K, 0% used [0x00000000d5580000,0x00000000d5580000,0x00000000ebe00000)
  from space 19968K, 0% used [0x00000000ed800000,0x00000000ed800000,0x00000000eeb80000)
  to   space 23552K, 0% used [0x00000000ebe00000,0x00000000ebe00000,0x00000000ed500000)
 ParOldGen       total 91648K, used 34420K [0x0000000080000000, 0x0000000085980000, 0x00000000d5580000)
  object space 91648K, 37% used [0x0000000080000000,0x000000008219d070,0x0000000085980000)
 Metaspace       used 56721K, capacity 58984K, committed 59160K, reserved 1099776K
  class space    used 7758K, capacity 8225K, committed 8240K, reserved 1048576K
}
Event: 11.464 GC heap before
{Heap before GC invocations=14 (full 3):
 PSYoungGen      total 389120K, used 369152K [0x00000000d5580000, 0x00000000eec00000, 0x0000000100000000)
  eden space 369152K, 100% used [0x00000000d5580000,0x00000000ebe00000,0x00000000ebe00000)
  from space 19968K, 0% used [0x00000000ed800000,0x00000000ed800000,0x00000000eeb80000)
  to   space 23552K, 0% used [0x00000000ebe00000,0x00000000ebe00000,0x00000000ed500000)
 ParOldGen       total 91648K, used 34420K [0x0000000080000000, 0x0000000085980000, 0x00000000d5580000)
  object space 91648K, 37% used [0x0000000080000000,0x000000008219d070,0x0000000085980000)
 Metaspace       used 69775K, capacity 73054K, committed 73240K, reserved 1112064K
  class space    used 9634K, capacity 10266K, committed 10288K, reserved 1048576K
Event: 11.568 GC heap after
Heap after GC invocations=14 (full 3):
 PSYoungGen      total 392704K, used 23544K [0x00000000d5580000, 0x00000000f9300000, 0x0000000100000000)
  eden space 369152K, 0% used [0x00000000d5580000,0x00000000d5580000,0x00000000ebe00000)
  from space 23552K, 99% used [0x00000000ebe00000,0x00000000ed4fe018,0x00000000ed500000)
  to   space 33792K, 0% used [0x00000000f7200000,0x00000000f7200000,0x00000000f9300000)
 ParOldGen       total 91648K, used 52811K [0x0000000080000000, 0x0000000085980000, 0x00000000d5580000)
  object space 91648K, 57% used [0x0000000080000000,0x0000000083392de8,0x0000000085980000)
 Metaspace       used 69775K, capacity 73054K, committed 73240K, reserved 1112064K
  class space    used 9634K, capacity 10266K, committed 10288K, reserved 1048576K
}

