# JRE version: OpenJDK Runtime Environment (8.0_242-b01) (build 1.8.0_242-release-1644-b01)
# Java VM: OpenJDK 64-Bit Server VM (25.242-b01 mixed mode windows-amd64 compressed oops)
Heap:
 PSYoungGen      total 293376K, used 91564K [0x00000000d5580000, 0x00000000ea600000, 0x0000000100000000)
  eden space 264704K, 28% used [0x00000000d5580000,0x00000000d9f3e0d8,0x00000000e5800000)
  from space 28672K, 55% used [0x00000000e8a00000,0x00000000e99ad168,0x00000000ea600000)
  to   space 39936K, 0% used [0x00000000e5800000,0x00000000e5800000,0x00000000e7f00000)
 ParOldGen       total 270336K, used 111139K [0x0000000080000000, 0x0000000090800000, 0x00000000d5580000)
  object space 270336K, 41% used [0x0000000080000000,0x0000000086c88fc0,0x0000000090800000)
 Metaspace       used 94536K, capacity 99688K, committed 100120K, reserved 1136640K
  class space    used 12212K, capacity 13138K, committed 13360K, reserved 1048576K
GC Heap History (10 events):
Event: 17.715 GC heap before
{Heap before GC invocations=20 (full 4):
 PSYoungGen      total 304128K, used 23168K [0x00000000d5580000, 0x00000000eac80000, 0x0000000100000000)
  eden space 255488K, 0% used [0x00000000d5580000,0x00000000d5580000,0x00000000e4f00000)
  from space 48640K, 47% used [0x00000000e7d00000,0x00000000e93a0100,0x00000000eac80000)
  to   space 47104K, 0% used [0x00000000e4f00000,0x00000000e4f00000,0x00000000e7d00000)
 ParOldGen       total 135168K, used 121828K [0x0000000080000000, 0x0000000088400000, 0x00000000d5580000)
  object space 135168K, 90% used [0x0000000080000000,0x00000000876f92b8,0x0000000088400000)
 Metaspace       used 85046K, capacity 90302K, committed 90520K, reserved 1126400K
  class space    used 11742K, capacity 12697K, committed 12720K, reserved 1048576K
Event: 18.024 GC heap after
Heap after GC invocations=20 (full 4):
 PSYoungGen      total 304128K, used 0K [0x00000000d5580000, 0x00000000eac80000, 0x0000000100000000)
  eden space 255488K, 0% used [0x00000000d5580000,0x00000000d5580000,0x00000000e4f00000)
  from space 48640K, 0% used [0x00000000e7d00000,0x00000000e7d00000,0x00000000eac80000)
  to   space 47104K, 0% used [0x00000000e4f00000,0x00000000e4f00000,0x00000000e7d00000)
 ParOldGen       total 270336K, used 111107K [0x0000000080000000, 0x0000000090800000, 0x00000000d5580000)
  object space 270336K, 41% used [0x0000000080000000,0x0000000086c80fc0,0x0000000090800000)
 Metaspace       used 84330K, capacity 88426K, committed 90520K, reserved 1126400K
  class space    used 11495K, capacity 12259K, committed 12720K, reserved 1048576K
}
Event: 745.974 GC heap before
{Heap before GC invocations=21 (full 4):
 PSYoungGen      total 304128K, used 255488K [0x00000000d5580000, 0x00000000eac80000, 0x0000000100000000)
  eden space 255488K, 100% used [0x00000000d5580000,0x00000000e4f00000,0x00000000e4f00000)
  from space 48640K, 0% used [0x00000000e7d00000,0x00000000e7d00000,0x00000000eac80000)
  to   space 47104K, 0% used [0x00000000e4f00000,0x00000000e4f00000,0x00000000e7d00000)
 ParOldGen       total 270336K, used 111107K [0x0000000080000000, 0x0000000090800000, 0x00000000d5580000)
  object space 270336K, 41% used [0x0000000080000000,0x0000000086c80fc0,0x0000000090800000)
 Metaspace       used 89645K, capacity 93996K, committed 95512K, reserved 1132544K
  class space    used 11923K, capacity 12712K, committed 13104K, reserved 1048576K
Event: 746.090 GC heap after
Heap after GC invocations=21 (full 4):
 PSYoungGen      total 302592K, used 12288K [0x00000000d5580000, 0x00000000ec980000, 0x0000000100000000)
  eden space 255488K, 0% used [0x00000000d5580000,0x00000000d5580000,0x00000000e4f00000)
  from space 47104K, 26% used [0x00000000e4f00000,0x00000000e5b00230,0x00000000e7d00000)
  to   space 45568K, 0% used [0x00000000e9d00000,0x00000000e9d00000,0x00000000ec980000)
 ParOldGen       total 270336K, used 111115K [0x0000000080000000, 0x0000000090800000, 0x00000000d5580000)
  object space 270336K, 41% used [0x0000000080000000,0x0000000086c82fc0,0x0000000090800000)
 Metaspace       used 89645K, capacity 93996K, committed 95512K, reserved 1132544K
  class space    used 11923K, capacity 12712K, committed 13104K, reserved 1048576K
}
Event: 895.463 GC heap before
{Heap before GC invocations=22 (full 4):
 PSYoungGen      total 302592K, used 267776K [0x00000000d5580000, 0x00000000ec980000, 0x0000000100000000)
  eden space 255488K, 100% used [0x00000000d5580000,0x00000000e4f00000,0x00000000e4f00000)
  from space 47104K, 26% used [0x00000000e4f00000,0x00000000e5b00230,0x00000000e7d00000)
  to   space 45568K, 0% used [0x00000000e9d00000,0x00000000e9d00000,0x00000000ec980000)
 ParOldGen       total 270336K, used 111115K [0x0000000080000000, 0x0000000090800000, 0x00000000d5580000)
  object space 270336K, 41% used [0x0000000080000000,0x0000000086c82fc0,0x0000000090800000)
 Metaspace       used 91078K, capacity 95678K, committed 96536K, reserved 1132544K
  class space    used 11982K, capacity 12819K, committed 13104K, reserved 1048576K
Event: 895.481 GC heap after
Heap after GC invocations=22 (full 4):
 PSYoungGen      total 318976K, used 12159K [0x00000000d5580000, 0x00000000ebf80000, 0x0000000100000000)
  eden space 283648K, 0% used [0x00000000d5580000,0x00000000d5580000,0x00000000e6a80000)
  from space 35328K, 34% used [0x00000000e9d00000,0x00000000ea8dffe0,0x00000000ebf80000)
  to   space 43520K, 0% used [0x00000000e6a80000,0x00000000e6a80000,0x00000000e9500000)
 ParOldGen       total 270336K, used 111123K [0x0000000080000000, 0x0000000090800000, 0x00000000d5580000)
  object space 270336K, 41% used [0x0000000080000000,0x0000000086c84fc0,0x0000000090800000)
 Metaspace       used 91078K, capacity 95678K, committed 96536K, reserved 1132544K
  class space    used 11982K, capacity 12819K, committed 13104K, reserved 1048576K
}
Event: 2770.325 GC heap before
{Heap before GC invocations=23 (full 4):
 PSYoungGen      total 318976K, used 295807K [0x00000000d5580000, 0x00000000ebf80000, 0x0000000100000000)
  eden space 283648K, 100% used [0x00000000d5580000,0x00000000e6a80000,0x00000000e6a80000)
  from space 35328K, 34% used [0x00000000e9d00000,0x00000000ea8dffe0,0x00000000ebf80000)
  to   space 43520K, 0% used [0x00000000e6a80000,0x00000000e6a80000,0x00000000e9500000)
 ParOldGen       total 270336K, used 111123K [0x0000000080000000, 0x0000000090800000, 0x00000000d5580000)
  object space 270336K, 41% used [0x0000000080000000,0x0000000086c84fc0,0x0000000090800000)
 Metaspace       used 91994K, capacity 96758K, committed 97304K, reserved 1134592K
  class space    used 12023K, capacity 12887K, committed 13104K, reserved 1048576K
Event: 2770.370 GC heap after
Heap after GC invocations=23 (full 4):
 PSYoungGen      total 285696K, used 11606K [0x00000000d5580000, 0x00000000eb300000, 0x0000000100000000)
  eden space 273920K, 0% used [0x00000000d5580000,0x00000000d5580000,0x00000000e6100000)
  from space 11776K, 98% used [0x00000000e6a80000,0x00000000e75d58e0,0x00000000e7600000)
  to   space 41984K, 0% used [0x00000000e8a00000,0x00000000e8a00000,0x00000000eb300000)
 ParOldGen       total 270336K, used 111131K [0x0000000080000000, 0x0000000090800000, 0x00000000d5580000)
  object space 270336K, 41% used [0x0000000080000000,0x0000000086c86fc0,0x0000000090800000)
 Metaspace       used 91994K, capacity 96758K, committed 97304K, reserved 1134592K
  class space    used 12023K, capacity 12887K, committed 13104K, reserved 1048576K
}
Event: 2777.788 GC heap before
{Heap before GC invocations=24 (full 4):
 PSYoungGen      total 285696K, used 285526K [0x00000000d5580000, 0x00000000eb300000, 0x0000000100000000)
  eden space 273920K, 100% used [0x00000000d5580000,0x00000000e6100000,0x00000000e6100000)
  from space 11776K, 98% used [0x00000000e6a80000,0x00000000e75d58e0,0x00000000e7600000)
  to   space 41984K, 0% used [0x00000000e8a00000,0x00000000e8a00000,0x00000000eb300000)
 ParOldGen       total 270336K, used 111131K [0x0000000080000000, 0x0000000090800000, 0x00000000d5580000)
  object space 270336K, 41% used [0x0000000080000000,0x0000000086c86fc0,0x0000000090800000)
 Metaspace       used 94057K, capacity 99110K, committed 99608K, reserved 1136640K
  class space    used 12209K, capacity 13135K, committed 13360K, reserved 1048576K
Event: 2777.865 GC heap after
Heap after GC invocations=24 (full 4):
 PSYoungGen      total 293376K, used 16052K [0x00000000d5580000, 0x00000000ea600000, 0x0000000100000000)
  eden space 264704K, 0% used [0x00000000d5580000,0x00000000d5580000,0x00000000e5800000)
  from space 28672K, 55% used [0x00000000e8a00000,0x00000000e99ad168,0x00000000ea600000)
  to   space 39936K, 0% used [0x00000000e5800000,0x00000000e5800000,0x00000000e7f00000)
 ParOldGen       total 270336K, used 111139K [0x0000000080000000, 0x0000000090800000, 0x00000000d5580000)
  object space 270336K, 41% used [0x0000000080000000,0x0000000086c88fc0,0x0000000090800000)
 Metaspace       used 94057K, capacity 99110K, committed 99608K, reserved 1136640K
  class space    used 12209K, capacity 13135K, committed 13360K, reserved 1048576K
}

